# JRE version: OpenJDK Runtime Environment Temurin-21.0.10+7 (21.0.10+7) (build 21.0.10+7-LTS)
# Java VM: OpenJDK 64-Bit Server VM Temurin-21.0.10+7 (21.0.10+7-LTS, mixed mode, sharing, tiered, compressed oops, compressed class ptrs, parallel gc, windows-amd64)
GC Precious Log:
 CardTable entry size: 512
 CPUs: 16 total, 16 available
 Memory: 16085M
 Large Page Support: Disabled
 NUMA Support: Disabled
 Compressed Oops: Enabled (32-bit)
 Alignments: Space 512K, Generation 512K, Heap 2M
 Heap Min Capacity: 100M
 Heap Initial Capacity: 100M
 Heap Max Capacity: 2G
 Pre-touch: Disabled
 Parallel Workers: 13
Heap:
 PSYoungGen      total 18432K, used 7462K [0x00000000d5580000, 0x00000000d6c80000, 0x0000000100000000)
  eden space 16384K, 33% used [0x00000000d5580000,0x00000000d5acdb30,0x00000000d6580000)
  from space 2048K, 99% used [0x00000000d6680000,0x00000000d687c030,0x00000000d6880000)
  to   space 3584K, 0% used [0x00000000d6900000,0x00000000d6900000,0x00000000d6c80000)
 ParOldGen       total 120320K, used 120295K [0x0000000080000000, 0x0000000087580000, 0x00000000d5580000)
  object space 120320K, 99% used [0x0000000080000000,0x0000000087579fc0,0x0000000087580000)
 Metaspace       used 67226K, committed 68672K, reserved 1114112K
  class space    used 6978K, committed 7616K, reserved 1048576K
GC Heap History (20 events):
Event: 15.965 GC heap before
{Heap before GC invocations=144 (full 3):
 PSYoungGen      total 19968K, used 19922K [0x00000000d5580000, 0x00000000d6c00000, 0x0000000100000000)
  eden space 18432K, 99% used [0x00000000d5580000,0x00000000d677cba8,0x00000000d6780000)
  from space 1536K, 97% used [0x00000000d6a80000,0x00000000d6bf8040,0x00000000d6c00000)
  to   space 2048K, 0% used [0x00000000d6800000,0x00000000d6800000,0x00000000d6a00000)
 ParOldGen       total 105984K, used 105516K [0x0000000080000000, 0x0000000086780000, 0x00000000d5580000)
  object space 105984K, 99% used [0x0000000080000000,0x000000008670b038,0x0000000086780000)
 Metaspace       used 63474K, committed 64960K, reserved 1114112K
  class space    used 6674K, committed 7296K, reserved 1048576K
}
Event: 15.968 GC heap after
{Heap after GC invocations=144 (full 3):
 PSYoungGen      total 20480K, used 1680K [0x00000000d5580000, 0x00000000d6b80000, 0x0000000100000000)
  eden space 18432K, 0% used [0x00000000d5580000,0x00000000d5580000,0x00000000d6780000)
  from space 2048K, 82% used [0x00000000d6800000,0x00000000d69a4050,0x00000000d6a00000)
  to   space 1536K, 0% used [0x00000000d6a00000,0x00000000d6a00000,0x00000000d6b80000)
 ParOldGen       total 107008K, used 106820K [0x0000000080000000, 0x0000000086880000, 0x00000000d5580000)
  object space 107008K, 99% used [0x0000000080000000,0x0000000086851088,0x0000000086880000)
 Metaspace       used 63474K, committed 64960K, reserved 1114112K
  class space    used 6674K, committed 7296K, reserved 1048576K
}
Event: 16.005 GC heap before
{Heap before GC invocations=145 (full 3):
 PSYoungGen      total 20480K, used 20112K [0x00000000d5580000, 0x00000000d6b80000, 0x0000000100000000)
  eden space 18432K, 100% used [0x00000000d5580000,0x00000000d6780000,0x00000000d6780000)
  from space 2048K, 82% used [0x00000000d6800000,0x00000000d69a4050,0x00000000d6a00000)
  to   space 1536K, 0% used [0x00000000d6a00000,0x00000000d6a00000,0x00000000d6b80000)
 ParOldGen       total 107008K, used 106820K [0x0000000080000000, 0x0000000086880000, 0x00000000d5580000)
  object space 107008K, 99% used [0x0000000080000000,0x0000000086851088,0x0000000086880000)
 Metaspace       used 63623K, committed 65088K, reserved 1114112K
  class space    used 6683K, committed 7296K, reserved 1048576K
}
Event: 16.007 GC heap after
{Heap after GC invocations=145 (full 3):
 PSYoungGen      total 18944K, used 1524K [0x00000000d5580000, 0x00000000d6e80000, 0x0000000100000000)
  eden space 17408K, 0% used [0x00000000d5580000,0x00000000d5580000,0x00000000d6680000)
  from space 1536K, 99% used [0x00000000d6a00000,0x00000000d6b7d220,0x00000000d6b80000)
  to   space 3584K, 0% used [0x00000000d6680000,0x00000000d6680000,0x00000000d6a00000)
 ParOldGen       total 108544K, used 108244K [0x0000000080000000, 0x0000000086a00000, 0x00000000d5580000)
  object space 108544K, 99% used [0x0000000080000000,0x00000000869b5168,0x0000000086a00000)
 Metaspace       used 63623K, committed 65088K, reserved 1114112K
  class space    used 6683K, committed 7296K, reserved 1048576K
}
Event: 16.041 GC heap before
{Heap before GC invocations=146 (full 3):
 PSYoungGen      total 18944K, used 18932K [0x00000000d5580000, 0x00000000d6e80000, 0x0000000100000000)
  eden space 17408K, 100% used [0x00000000d5580000,0x00000000d6680000,0x00000000d6680000)
  from space 1536K, 99% used [0x00000000d6a00000,0x00000000d6b7d220,0x00000000d6b80000)
  to   space 3584K, 0% used [0x00000000d6680000,0x00000000d6680000,0x00000000d6a00000)
 ParOldGen       total 108544K, used 108244K [0x0000000080000000, 0x0000000086a00000, 0x00000000d5580000)
  object space 108544K, 99% used [0x0000000080000000,0x00000000869b5168,0x0000000086a00000)
 Metaspace       used 63675K, committed 65216K, reserved 1114112K
  class space    used 6684K, committed 7360K, reserved 1048576K
}
Event: 16.044 GC heap after
{Heap after GC invocations=146 (full 3):
 PSYoungGen      total 19456K, used 1824K [0x00000000d5580000, 0x00000000d6b80000, 0x0000000100000000)
  eden space 17408K, 0% used [0x00000000d5580000,0x00000000d5580000,0x00000000d6680000)
  from space 2048K, 89% used [0x00000000d6680000,0x00000000d6848000,0x00000000d6880000)
  to   space 2560K, 0% used [0x00000000d6900000,0x00000000d6900000,0x00000000d6b80000)
 ParOldGen       total 109568K, used 109419K [0x0000000080000000, 0x0000000086b00000, 0x00000000d5580000)
  object space 109568K, 99% used [0x0000000080000000,0x0000000086adacc8,0x0000000086b00000)
 Metaspace       used 63675K, committed 65216K, reserved 1114112K
  class space    used 6684K, committed 7360K, reserved 1048576K
}
Event: 16.080 GC heap before
{Heap before GC invocations=147 (full 3):
 PSYoungGen      total 19456K, used 19232K [0x00000000d5580000, 0x00000000d6b80000, 0x0000000100000000)
  eden space 17408K, 100% used [0x00000000d5580000,0x00000000d6680000,0x00000000d6680000)
  from space 2048K, 89% used [0x00000000d6680000,0x00000000d6848000,0x00000000d6880000)
  to   space 2560K, 0% used [0x00000000d6900000,0x00000000d6900000,0x00000000d6b80000)
 ParOldGen       total 109568K, used 109419K [0x0000000080000000, 0x0000000086b00000, 0x00000000d5580000)
  object space 109568K, 99% used [0x0000000080000000,0x0000000086adacc8,0x0000000086b00000)
 Metaspace       used 63840K, committed 65344K, reserved 1114112K
  class space    used 6692K, committed 7360K, reserved 1048576K
}
Event: 16.082 GC heap after
{Heap after GC invocations=147 (full 3):
 PSYoungGen      total 18944K, used 1216K [0x00000000d5580000, 0x00000000d6a80000, 0x0000000100000000)
  eden space 17408K, 0% used [0x00000000d5580000,0x00000000d5580000,0x00000000d6680000)
  from space 1536K, 79% used [0x00000000d6900000,0x00000000d6a30000,0x00000000d6a80000)
  to   space 1536K, 0% used [0x00000000d6780000,0x00000000d6780000,0x00000000d6900000)
 ParOldGen       total 110592K, used 110323K [0x0000000080000000, 0x0000000086c00000, 0x00000000d5580000)
  object space 110592K, 99% used [0x0000000080000000,0x0000000086bbcd28,0x0000000086c00000)
 Metaspace       used 63840K, committed 65344K, reserved 1114112K
  class space    used 6692K, committed 7360K, reserved 1048576K
}
Event: 16.115 GC heap before
{Heap before GC invocations=148 (full 3):
 PSYoungGen      total 18944K, used 18624K [0x00000000d5580000, 0x00000000d6a80000, 0x0000000100000000)
  eden space 17408K, 100% used [0x00000000d5580000,0x00000000d6680000,0x00000000d6680000)
  from space 1536K, 79% used [0x00000000d6900000,0x00000000d6a30000,0x00000000d6a80000)
  to   space 1536K, 0% used [0x00000000d6780000,0x00000000d6780000,0x00000000d6900000)
 ParOldGen       total 110592K, used 110323K [0x0000000080000000, 0x0000000086c00000, 0x00000000d5580000)
  object space 110592K, 99% used [0x0000000080000000,0x0000000086bbcd28,0x0000000086c00000)
 Metaspace       used 64024K, committed 65472K, reserved 1114112K
  class space    used 6712K, committed 7360K, reserved 1048576K
}
Event: 16.117 GC heap after
{Heap after GC invocations=148 (full 3):
 PSYoungGen      total 18944K, used 1530K [0x00000000d5580000, 0x00000000d6d80000, 0x0000000100000000)
  eden space 17408K, 0% used [0x00000000d5580000,0x00000000d5580000,0x00000000d6680000)
  from space 1536K, 99% used [0x00000000d6780000,0x00000000d68fe900,0x00000000d6900000)
  to   space 3584K, 0% used [0x00000000d6a00000,0x00000000d6a00000,0x00000000d6d80000)
 ParOldGen       total 111616K, used 111612K [0x0000000080000000, 0x0000000086d00000, 0x00000000d5580000)
  object space 111616K, 99% used [0x0000000080000000,0x0000000086cff2a8,0x0000000086d00000)
 Metaspace       used 64024K, committed 65472K, reserved 1114112K
  class space    used 6712K, committed 7360K, reserved 1048576K
}
Event: 16.176 GC heap before
{Heap before GC invocations=149 (full 3):
 PSYoungGen      total 18944K, used 18938K [0x00000000d5580000, 0x00000000d6d80000, 0x0000000100000000)
  eden space 17408K, 100% used [0x00000000d5580000,0x00000000d6680000,0x00000000d6680000)
  from space 1536K, 99% used [0x00000000d6780000,0x00000000d68fe900,0x00000000d6900000)
  to   space 3584K, 0% used [0x00000000d6a00000,0x00000000d6a00000,0x00000000d6d80000)
 ParOldGen       total 111616K, used 111612K [0x0000000080000000, 0x0000000086d00000, 0x00000000d5580000)
  object space 111616K, 99% used [0x0000000080000000,0x0000000086cff2a8,0x0000000086d00000)
 Metaspace       used 64148K, committed 65600K, reserved 1114112K
  class space    used 6727K, committed 7360K, reserved 1048576K
}
Event: 16.179 GC heap after
{Heap after GC invocations=149 (full 3):
 PSYoungGen      total 19456K, used 1680K [0x00000000d5580000, 0x00000000d6c00000, 0x0000000100000000)
  eden space 17408K, 0% used [0x00000000d5580000,0x00000000d5580000,0x00000000d6680000)
  from space 2048K, 82% used [0x00000000d6a00000,0x00000000d6ba4010,0x00000000d6c00000)
  to   space 2560K, 0% used [0x00000000d6700000,0x00000000d6700000,0x00000000d6980000)
 ParOldGen       total 113152K, used 112676K [0x0000000080000000, 0x0000000086e80000, 0x00000000d5580000)
  object space 113152K, 99% used [0x0000000080000000,0x0000000086e092e8,0x0000000086e80000)
 Metaspace       used 64148K, committed 65600K, reserved 1114112K
  class space    used 6727K, committed 7360K, reserved 1048576K
}
Event: 16.238 GC heap before
{Heap before GC invocations=150 (full 3):
 PSYoungGen      total 19456K, used 19088K [0x00000000d5580000, 0x00000000d6c00000, 0x0000000100000000)
  eden space 17408K, 100% used [0x00000000d5580000,0x00000000d6680000,0x00000000d6680000)
  from space 2048K, 82% used [0x00000000d6a00000,0x00000000d6ba4010,0x00000000d6c00000)
  to   space 2560K, 0% used [0x00000000d6700000,0x00000000d6700000,0x00000000d6980000)
 ParOldGen       total 113152K, used 112676K [0x0000000080000000, 0x0000000086e80000, 0x00000000d5580000)
  object space 113152K, 99% used [0x0000000080000000,0x0000000086e092e8,0x0000000086e80000)
 Metaspace       used 64390K, committed 65792K, reserved 1114112K
  class space    used 6737K, committed 7360K, reserved 1048576K
}
Event: 16.241 GC heap after
{Heap after GC invocations=150 (full 3):
 PSYoungGen      total 19456K, used 1909K [0x00000000d5580000, 0x00000000d6a80000, 0x0000000100000000)
  eden space 17408K, 0% used [0x00000000d5580000,0x00000000d5580000,0x00000000d6680000)
  from space 2048K, 93% used [0x00000000d6700000,0x00000000d68dd7a8,0x00000000d6900000)
  to   space 1536K, 0% used [0x00000000d6900000,0x00000000d6900000,0x00000000d6a80000)
 ParOldGen       total 114176K, used 113956K [0x0000000080000000, 0x0000000086f80000, 0x00000000d5580000)
  object space 114176K, 99% used [0x0000000080000000,0x0000000086f49308,0x0000000086f80000)
 Metaspace       used 64390K, committed 65792K, reserved 1114112K
  class space    used 6737K, committed 7360K, reserved 1048576K
}
Event: 16.474 GC heap before
{Heap before GC invocations=151 (full 3):
 PSYoungGen      total 19456K, used 19317K [0x00000000d5580000, 0x00000000d6a80000, 0x0000000100000000)
  eden space 17408K, 99% used [0x00000000d5580000,0x00000000d667fff8,0x00000000d6680000)
  from space 2048K, 93% used [0x00000000d6700000,0x00000000d68dd7a8,0x00000000d6900000)
  to   space 1536K, 0% used [0x00000000d6900000,0x00000000d6900000,0x00000000d6a80000)
 ParOldGen       total 114176K, used 113956K [0x0000000080000000, 0x0000000086f80000, 0x00000000d5580000)
  object space 114176K, 99% used [0x0000000080000000,0x0000000086f49308,0x0000000086f80000)
 Metaspace       used 65090K, committed 66560K, reserved 1114112K
  class space    used 6791K, committed 7424K, reserved 1048576K
}
Event: 16.479 GC heap after
{Heap after GC invocations=151 (full 3):
 PSYoungGen      total 17920K, used 1522K [0x00000000d5580000, 0x00000000d6d80000, 0x0000000100000000)
  eden space 16384K, 0% used [0x00000000d5580000,0x00000000d5580000,0x00000000d6580000)
  from space 1536K, 99% used [0x00000000d6900000,0x00000000d6a7c948,0x00000000d6a80000)
  to   space 3584K, 0% used [0x00000000d6580000,0x00000000d6580000,0x00000000d6900000)
 ParOldGen       total 115712K, used 115583K [0x0000000080000000, 0x0000000087100000, 0x00000000d5580000)
  object space 115712K, 99% used [0x0000000080000000,0x00000000870dff10,0x0000000087100000)
 Metaspace       used 65090K, committed 66560K, reserved 1114112K
  class space    used 6791K, committed 7424K, reserved 1048576K
}
Event: 17.717 GC heap before
{Heap before GC invocations=152 (full 3):
 PSYoungGen      total 17920K, used 17906K [0x00000000d5580000, 0x00000000d6d80000, 0x0000000100000000)
  eden space 16384K, 100% used [0x00000000d5580000,0x00000000d6580000,0x00000000d6580000)
  from space 1536K, 99% used [0x00000000d6900000,0x00000000d6a7c948,0x00000000d6a80000)
  to   space 3584K, 0% used [0x00000000d6580000,0x00000000d6580000,0x00000000d6900000)
 ParOldGen       total 115712K, used 115583K [0x0000000080000000, 0x0000000087100000, 0x00000000d5580000)
  object space 115712K, 99% used [0x0000000080000000,0x00000000870dff10,0x0000000087100000)
 Metaspace       used 66257K, committed 67776K, reserved 1114112K
  class space    used 6908K, committed 7552K, reserved 1048576K
}
Event: 17.720 GC heap after
{Heap after GC invocations=152 (full 3):
 PSYoungGen      total 18944K, used 2392K [0x00000000d5580000, 0x00000000d6b80000, 0x0000000100000000)
  eden space 16384K, 0% used [0x00000000d5580000,0x00000000d5580000,0x00000000d6580000)
  from space 2560K, 93% used [0x00000000d6580000,0x00000000d67d6138,0x00000000d6800000)
  to   space 3072K, 0% used [0x00000000d6880000,0x00000000d6880000,0x00000000d6b80000)
 ParOldGen       total 117248K, used 117092K [0x0000000080000000, 0x0000000087280000, 0x00000000d5580000)
  object space 117248K, 99% used [0x0000000080000000,0x0000000087259010,0x0000000087280000)
 Metaspace       used 66257K, committed 67776K, reserved 1114112K
  class space    used 6908K, committed 7552K, reserved 1048576K
}
Event: 17.790 GC heap before
{Heap before GC invocations=153 (full 3):
 PSYoungGen      total 18944K, used 18776K [0x00000000d5580000, 0x00000000d6b80000, 0x0000000100000000)
  eden space 16384K, 100% used [0x00000000d5580000,0x00000000d6580000,0x00000000d6580000)
  from space 2560K, 93% used [0x00000000d6580000,0x00000000d67d6138,0x00000000d6800000)
  to   space 3072K, 0% used [0x00000000d6880000,0x00000000d6880000,0x00000000d6b80000)
 ParOldGen       total 117248K, used 117092K [0x0000000080000000, 0x0000000087280000, 0x00000000d5580000)
  object space 117248K, 99% used [0x0000000080000000,0x0000000087259010,0x0000000087280000)
 Metaspace       used 66913K, committed 68416K, reserved 1114112K
  class space    used 6954K, committed 7616K, reserved 1048576K
}
Event: 17.792 GC heap after
{Heap after GC invocations=153 (full 3):
 PSYoungGen      total 18432K, used 1660K [0x00000000d5580000, 0x00000000d6a80000, 0x0000000100000000)
  eden space 16384K, 0% used [0x00000000d5580000,0x00000000d5580000,0x00000000d6580000)
  from space 2048K, 81% used [0x00000000d6880000,0x00000000d6a1f0c8,0x00000000d6a80000)
  to   space 2048K, 0% used [0x00000000d6680000,0x00000000d6680000,0x00000000d6880000)
 ParOldGen       total 119296K, used 119234K [0x0000000080000000, 0x0000000087480000, 0x00000000d5580000)
  object space 119296K, 99% used [0x0000000080000000,0x0000000087470b08,0x0000000087480000)
 Metaspace       used 66913K, committed 68416K, reserved 1114112K
  class space    used 6954K, committed 7616K, reserved 1048576K
}

