# JRE version: OpenJDK Runtime Environment Temurin-21.0.10+7 (21.0.10+7) (build 21.0.10+7-LTS)
# Java VM: OpenJDK 64-Bit Server VM Temurin-21.0.10+7 (21.0.10+7-LTS, mixed mode, sharing, tiered, compressed oops, compressed class ptrs, parallel gc, windows-amd64)
GC Precious Log:
 CardTable entry size: 512
 CPUs: 16 total, 16 available
 Memory: 16085M
 Large Page Support: Disabled
 NUMA Support: Disabled
 Compressed Oops: Enabled (32-bit)
 Alignments: Space 512K, Generation 512K, Heap 2M
 Heap Min Capacity: 100M
 Heap Initial Capacity: 100M
 Heap Max Capacity: 2G
 Pre-touch: Disabled
 Parallel Workers: 13
Heap:
 PSYoungGen      total 9216K, used 3370K [0x00000000d5580000, 0x00000000d6500000, 0x0000000100000000)
  eden space 8192K, 34% used [0x00000000d5580000,0x00000000d5845418,0x00000000d5d80000)
  from space 1024K, 52% used [0x00000000d6380000,0x00000000d6405430,0x00000000d6480000)
  to   space 512K, 0% used [0x00000000d6480000,0x00000000d6480000,0x00000000d6500000)
 ParOldGen       total 241152K, used 240821K [0x0000000080000000, 0x000000008eb80000, 0x00000000d5580000)
  object space 241152K, 99% used [0x0000000080000000,0x000000008eb2d4e0,0x000000008eb80000)
 Metaspace       used 81178K, committed 83008K, reserved 1179648K
  class space    used 8183K, committed 9024K, reserved 1048576K
GC Heap History (20 events):
Event: 149.786 GC heap before
{Heap before GC invocations=236 (full 4):
 PSYoungGen      total 9728K, used 9536K [0x00000000d5580000, 0x00000000d6180000, 0x0000000100000000)
  eden space 8192K, 100% used [0x00000000d5580000,0x00000000d5d80000,0x00000000d5d80000)
  from space 1536K, 87% used [0x00000000d5d80000,0x00000000d5ed0020,0x00000000d5f00000)
  to   space 2048K, 0% used [0x00000000d5f80000,0x00000000d5f80000,0x00000000d6180000)
 ParOldGen       total 228864K, used 228730K [0x0000000080000000, 0x000000008df80000, 0x00000000d5580000)
  object space 228864K, 99% used [0x0000000080000000,0x000000008df5e9e0,0x000000008df80000)
 Metaspace       used 79795K, committed 81472K, reserved 1179648K
  class space    used 8024K, committed 8768K, reserved 1048576K
}
Event: 149.789 GC heap after
{Heap after GC invocations=236 (full 4):
 PSYoungGen      total 9216K, used 986K [0x00000000d5580000, 0x00000000d6080000, 0x0000000100000000)
  eden space 8192K, 0% used [0x00000000d5580000,0x00000000d5580000,0x00000000d5d80000)
  from space 1024K, 96% used [0x00000000d5f80000,0x00000000d60769f8,0x00000000d6080000)
  to   space 1536K, 0% used [0x00000000d5d80000,0x00000000d5d80000,0x00000000d5f00000)
 ParOldGen       total 229888K, used 229827K [0x0000000080000000, 0x000000008e080000, 0x00000000d5580000)
  object space 229888K, 99% used [0x0000000080000000,0x000000008e070e18,0x000000008e080000)
 Metaspace       used 79795K, committed 81472K, reserved 1179648K
  class space    used 8024K, committed 8768K, reserved 1048576K
}
Event: 149.874 GC heap before
{Heap before GC invocations=237 (full 4):
 PSYoungGen      total 9216K, used 9178K [0x00000000d5580000, 0x00000000d6080000, 0x0000000100000000)
  eden space 8192K, 100% used [0x00000000d5580000,0x00000000d5d80000,0x00000000d5d80000)
  from space 1024K, 96% used [0x00000000d5f80000,0x00000000d60769f8,0x00000000d6080000)
  to   space 1536K, 0% used [0x00000000d5d80000,0x00000000d5d80000,0x00000000d5f00000)
 ParOldGen       total 229888K, used 229827K [0x0000000080000000, 0x000000008e080000, 0x00000000d5580000)
  object space 229888K, 99% used [0x0000000080000000,0x000000008e070e18,0x000000008e080000)
 Metaspace       used 79806K, committed 81472K, reserved 1179648K
  class space    used 8024K, committed 8768K, reserved 1048576K
}
Event: 149.876 GC heap after
{Heap after GC invocations=237 (full 4):
 PSYoungGen      total 9728K, used 1533K [0x00000000d5580000, 0x00000000d6280000, 0x0000000100000000)
  eden space 8192K, 0% used [0x00000000d5580000,0x00000000d5580000,0x00000000d5d80000)
  from space 1536K, 99% used [0x00000000d5d80000,0x00000000d5eff4b0,0x00000000d5f00000)
  to   space 2560K, 0% used [0x00000000d6000000,0x00000000d6000000,0x00000000d6280000)
 ParOldGen       total 230912K, used 230417K [0x0000000080000000, 0x000000008e180000, 0x00000000d5580000)
  object space 230912K, 99% used [0x0000000080000000,0x000000008e104740,0x000000008e180000)
 Metaspace       used 79806K, committed 81472K, reserved 1179648K
  class space    used 8024K, committed 8768K, reserved 1048576K
}
Event: 149.940 GC heap before
{Heap before GC invocations=238 (full 4):
 PSYoungGen      total 9728K, used 9725K [0x00000000d5580000, 0x00000000d6280000, 0x0000000100000000)
  eden space 8192K, 100% used [0x00000000d5580000,0x00000000d5d80000,0x00000000d5d80000)
  from space 1536K, 99% used [0x00000000d5d80000,0x00000000d5eff4b0,0x00000000d5f00000)
  to   space 2560K, 0% used [0x00000000d6000000,0x00000000d6000000,0x00000000d6280000)
 ParOldGen       total 230912K, used 230417K [0x0000000080000000, 0x000000008e180000, 0x00000000d5580000)
  object space 230912K, 99% used [0x0000000080000000,0x000000008e104740,0x000000008e180000)
 Metaspace       used 79816K, committed 81472K, reserved 1179648K
  class space    used 8024K, committed 8768K, reserved 1048576K
}
Event: 149.942 GC heap after
{Heap after GC invocations=238 (full 4):
 PSYoungGen      total 9216K, used 641K [0x00000000d5580000, 0x00000000d6100000, 0x0000000100000000)
  eden space 8192K, 0% used [0x00000000d5580000,0x00000000d5580000,0x00000000d5d80000)
  from space 1024K, 62% used [0x00000000d6000000,0x00000000d60a05d0,0x00000000d6100000)
  to   space 1536K, 0% used [0x00000000d5e00000,0x00000000d5e00000,0x00000000d5f80000)
 ParOldGen       total 231936K, used 231674K [0x0000000080000000, 0x000000008e280000, 0x00000000d5580000)
  object space 231936K, 99% used [0x0000000080000000,0x000000008e23eb48,0x000000008e280000)
 Metaspace       used 79816K, committed 81472K, reserved 1179648K
  class space    used 8024K, committed 8768K, reserved 1048576K
}
Event: 150.010 GC heap before
{Heap before GC invocations=239 (full 4):
 PSYoungGen      total 9216K, used 8833K [0x00000000d5580000, 0x00000000d6100000, 0x0000000100000000)
  eden space 8192K, 100% used [0x00000000d5580000,0x00000000d5d80000,0x00000000d5d80000)
  from space 1024K, 62% used [0x00000000d6000000,0x00000000d60a05d0,0x00000000d6100000)
  to   space 1536K, 0% used [0x00000000d5e00000,0x00000000d5e00000,0x00000000d5f80000)
 ParOldGen       total 231936K, used 231674K [0x0000000080000000, 0x000000008e280000, 0x00000000d5580000)
  object space 231936K, 99% used [0x0000000080000000,0x000000008e23eb48,0x000000008e280000)
 Metaspace       used 79832K, committed 81472K, reserved 1179648K
  class space    used 8024K, committed 8768K, reserved 1048576K
}
Event: 150.012 GC heap after
{Heap after GC invocations=239 (full 4):
 PSYoungGen      total 9728K, used 1522K [0x00000000d5580000, 0x00000000d6180000, 0x0000000100000000)
  eden space 8192K, 0% used [0x00000000d5580000,0x00000000d5580000,0x00000000d5d80000)
  from space 1536K, 99% used [0x00000000d5e00000,0x00000000d5f7c810,0x00000000d5f80000)
  to   space 2048K, 0% used [0x00000000d5f80000,0x00000000d5f80000,0x00000000d6180000)
 ParOldGen       total 232448K, used 231970K [0x0000000080000000, 0x000000008e300000, 0x00000000d5580000)
  object space 232448K, 99% used [0x0000000080000000,0x000000008e288b48,0x000000008e300000)
 Metaspace       used 79832K, committed 81472K, reserved 1179648K
  class space    used 8024K, committed 8768K, reserved 1048576K
}
Event: 150.068 GC heap before
{Heap before GC invocations=240 (full 4):
 PSYoungGen      total 9728K, used 9714K [0x00000000d5580000, 0x00000000d6180000, 0x0000000100000000)
  eden space 8192K, 100% used [0x00000000d5580000,0x00000000d5d80000,0x00000000d5d80000)
  from space 1536K, 99% used [0x00000000d5e00000,0x00000000d5f7c810,0x00000000d5f80000)
  to   space 2048K, 0% used [0x00000000d5f80000,0x00000000d5f80000,0x00000000d6180000)
 ParOldGen       total 232448K, used 231970K [0x0000000080000000, 0x000000008e300000, 0x00000000d5580000)
  object space 232448K, 99% used [0x0000000080000000,0x000000008e288b48,0x000000008e300000)
 Metaspace       used 79840K, committed 81536K, reserved 1179648K
  class space    used 8024K, committed 8768K, reserved 1048576K
}
Event: 150.070 GC heap after
{Heap after GC invocations=240 (full 4):
 PSYoungGen      total 9728K, used 1360K [0x00000000d5580000, 0x00000000d6100000, 0x0000000100000000)
  eden space 8192K, 0% used [0x00000000d5580000,0x00000000d5580000,0x00000000d5d80000)
  from space 1536K, 88% used [0x00000000d5f80000,0x00000000d60d4010,0x00000000d6100000)
  to   space 1536K, 0% used [0x00000000d5e00000,0x00000000d5e00000,0x00000000d5f80000)
 ParOldGen       total 233472K, used 233118K [0x0000000080000000, 0x000000008e400000, 0x00000000d5580000)
  object space 233472K, 99% used [0x0000000080000000,0x000000008e3a7bb8,0x000000008e400000)
 Metaspace       used 79840K, committed 81536K, reserved 1179648K
  class space    used 8024K, committed 8768K, reserved 1048576K
}
Event: 150.131 GC heap before
{Heap before GC invocations=241 (full 4):
 PSYoungGen      total 9728K, used 9519K [0x00000000d5580000, 0x00000000d6100000, 0x0000000100000000)
  eden space 8192K, 99% used [0x00000000d5580000,0x00000000d5d77e10,0x00000000d5d80000)
  from space 1536K, 88% used [0x00000000d5f80000,0x00000000d60d4010,0x00000000d6100000)
  to   space 1536K, 0% used [0x00000000d5e00000,0x00000000d5e00000,0x00000000d5f80000)
 ParOldGen       total 233472K, used 233118K [0x0000000080000000, 0x000000008e400000, 0x00000000d5580000)
  object space 233472K, 99% used [0x0000000080000000,0x000000008e3a7bb8,0x000000008e400000)
 Metaspace       used 79905K, committed 81600K, reserved 1179648K
  class space    used 8025K, committed 8768K, reserved 1048576K
}
Event: 150.134 GC heap after
{Heap after GC invocations=241 (full 4):
 PSYoungGen      total 9728K, used 1508K [0x00000000d5580000, 0x00000000d6e80000, 0x0000000100000000)
  eden space 8192K, 0% used [0x00000000d5580000,0x00000000d5580000,0x00000000d5d80000)
  from space 1536K, 98% used [0x00000000d5e00000,0x00000000d5f792c8,0x00000000d5f80000)
  to   space 8704K, 0% used [0x00000000d6600000,0x00000000d6600000,0x00000000d6e80000)
 ParOldGen       total 239104K, used 238908K [0x0000000080000000, 0x000000008e980000, 0x00000000d5580000)
  object space 239104K, 99% used [0x0000000080000000,0x000000008e94f310,0x000000008e980000)
 Metaspace       used 79905K, committed 81600K, reserved 1179648K
  class space    used 8025K, committed 8768K, reserved 1048576K
}
Event: 150.378 GC heap before
{Heap before GC invocations=242 (full 4):
 PSYoungGen      total 9728K, used 9700K [0x00000000d5580000, 0x00000000d6e80000, 0x0000000100000000)
  eden space 8192K, 100% used [0x00000000d5580000,0x00000000d5d80000,0x00000000d5d80000)
  from space 1536K, 98% used [0x00000000d5e00000,0x00000000d5f792c8,0x00000000d5f80000)
  to   space 8704K, 0% used [0x00000000d6600000,0x00000000d6600000,0x00000000d6e80000)
 ParOldGen       total 239104K, used 238908K [0x0000000080000000, 0x000000008e980000, 0x00000000d5580000)
  object space 239104K, 99% used [0x0000000080000000,0x000000008e94f310,0x000000008e980000)
 Metaspace       used 80114K, committed 81856K, reserved 1179648K
  class space    used 8060K, committed 8832K, reserved 1048576K
}
Event: 150.380 GC heap after
{Heap after GC invocations=242 (full 4):
 PSYoungGen      total 9728K, used 1088K [0x00000000d5580000, 0x00000000d6780000, 0x0000000100000000)
  eden space 8192K, 0% used [0x00000000d5580000,0x00000000d5580000,0x00000000d5d80000)
  from space 1536K, 70% used [0x00000000d6600000,0x00000000d6710000,0x00000000d6780000)
  to   space 3584K, 0% used [0x00000000d6080000,0x00000000d6080000,0x00000000d6400000)
 ParOldGen       total 239104K, used 239020K [0x0000000080000000, 0x000000008e980000, 0x00000000d5580000)
  object space 239104K, 99% used [0x0000000080000000,0x000000008e96b310,0x000000008e980000)
 Metaspace       used 80114K, committed 81856K, reserved 1179648K
  class space    used 8060K, committed 8832K, reserved 1048576K
}
Event: 150.482 GC heap before
{Heap before GC invocations=243 (full 4):
 PSYoungGen      total 9728K, used 9280K [0x00000000d5580000, 0x00000000d6780000, 0x0000000100000000)
  eden space 8192K, 100% used [0x00000000d5580000,0x00000000d5d80000,0x00000000d5d80000)
  from space 1536K, 70% used [0x00000000d6600000,0x00000000d6710000,0x00000000d6780000)
  to   space 3584K, 0% used [0x00000000d6080000,0x00000000d6080000,0x00000000d6400000)
 ParOldGen       total 239104K, used 239020K [0x0000000080000000, 0x000000008e980000, 0x00000000d5580000)
  object space 239104K, 99% used [0x0000000080000000,0x000000008e96b310,0x000000008e980000)
 Metaspace       used 80368K, committed 82176K, reserved 1179648K
  class space    used 8097K, committed 8896K, reserved 1048576K
}
Event: 150.484 GC heap after
{Heap after GC invocations=243 (full 4):
 PSYoungGen      total 11776K, used 1424K [0x00000000d5580000, 0x00000000d6680000, 0x0000000100000000)
  eden space 8192K, 0% used [0x00000000d5580000,0x00000000d5580000,0x00000000d5d80000)
  from space 3584K, 39% used [0x00000000d6080000,0x00000000d61e4050,0x00000000d6400000)
  to   space 2048K, 0% used [0x00000000d6480000,0x00000000d6480000,0x00000000d6680000)
 ParOldGen       total 240128K, used 239823K [0x0000000080000000, 0x000000008ea80000, 0x00000000d5580000)
  object space 240128K, 99% used [0x0000000080000000,0x000000008ea33db8,0x000000008ea80000)
 Metaspace       used 80368K, committed 82176K, reserved 1179648K
  class space    used 8097K, committed 8896K, reserved 1048576K
}
Event: 150.560 GC heap before
{Heap before GC invocations=244 (full 4):
 PSYoungGen      total 11776K, used 9616K [0x00000000d5580000, 0x00000000d6680000, 0x0000000100000000)
  eden space 8192K, 100% used [0x00000000d5580000,0x00000000d5d80000,0x00000000d5d80000)
  from space 3584K, 39% used [0x00000000d6080000,0x00000000d61e4050,0x00000000d6400000)
  to   space 2048K, 0% used [0x00000000d6480000,0x00000000d6480000,0x00000000d6680000)
 ParOldGen       total 240128K, used 239823K [0x0000000080000000, 0x000000008ea80000, 0x00000000d5580000)
  object space 240128K, 99% used [0x0000000080000000,0x000000008ea33db8,0x000000008ea80000)
 Metaspace       used 80548K, committed 82304K, reserved 1179648K
  class space    used 8120K, committed 8896K, reserved 1048576K
}
Event: 150.561 GC heap after
{Heap after GC invocations=244 (full 4):
 PSYoungGen      total 9216K, used 576K [0x00000000d5580000, 0x00000000d6580000, 0x0000000100000000)
  eden space 8192K, 0% used [0x00000000d5580000,0x00000000d5580000,0x00000000d5d80000)
  from space 1024K, 56% used [0x00000000d6480000,0x00000000d6510000,0x00000000d6580000)
  to   space 1024K, 0% used [0x00000000d6380000,0x00000000d6380000,0x00000000d6480000)
 ParOldGen       total 240640K, used 240399K [0x0000000080000000, 0x000000008eb00000, 0x00000000d5580000)
  object space 240640K, 99% used [0x0000000080000000,0x000000008eac3db8,0x000000008eb00000)
 Metaspace       used 80548K, committed 82304K, reserved 1179648K
  class space    used 8120K, committed 8896K, reserved 1048576K
}
Event: 150.730 GC heap before
{Heap before GC invocations=245 (full 4):
 PSYoungGen      total 9216K, used 8768K [0x00000000d5580000, 0x00000000d6580000, 0x0000000100000000)
  eden space 8192K, 100% used [0x00000000d5580000,0x00000000d5d80000,0x00000000d5d80000)
  from space 1024K, 56% used [0x00000000d6480000,0x00000000d6510000,0x00000000d6580000)
  to   space 1024K, 0% used [0x00000000d6380000,0x00000000d6380000,0x00000000d6480000)
 ParOldGen       total 240640K, used 240399K [0x0000000080000000, 0x000000008eb00000, 0x00000000d5580000)
  object space 240640K, 99% used [0x0000000080000000,0x000000008eac3db8,0x000000008eb00000)
 Metaspace       used 81145K, committed 82880K, reserved 1179648K
  class space    used 8180K, committed 8960K, reserved 1048576K
}
Event: 150.732 GC heap after
{Heap after GC invocations=245 (full 4):
 PSYoungGen      total 9216K, used 533K [0x00000000d5580000, 0x00000000d6500000, 0x0000000100000000)
  eden space 8192K, 0% used [0x00000000d5580000,0x00000000d5580000,0x00000000d5d80000)
  from space 1024K, 52% used [0x00000000d6380000,0x00000000d6405430,0x00000000d6480000)
  to   space 512K, 0% used [0x00000000d6480000,0x00000000d6480000,0x00000000d6500000)
 ParOldGen       total 241152K, used 240821K [0x0000000080000000, 0x000000008eb80000, 0x00000000d5580000)
  object space 241152K, 99% used [0x0000000080000000,0x000000008eb2d4e0,0x000000008eb80000)
 Metaspace       used 81145K, committed 82880K, reserved 1179648K
  class space    used 8180K, committed 8960K, reserved 1048576K
}

